<?xml version="1.0" encoding="UTF-8"?>
<!-- Generated by org.testng.reporters.JUnitXMLReporter -->
<testsuite ignored="0" hostname="DESKTOP-T1IP2Q6" failures="0" tests="2" name="Cross_Browser_Edge" time="5.082" errors="0" timestamp="2025-10-19T13:05:27 IST">
  <testcase classname="TestCases.IndexPageTest" name="myStoreLogo" time="0.0">
    <skipped/>
  </testcase> <!-- myStoreLogo -->
  <testcase classname="TestCases.IndexPageTest" name="verifyTitle" time="0.0">
    <skipped/>
  </testcase> <!-- verifyTitle -->
</testsuite> <!-- Cross_Browser_Edge -->
