<?xml version="1.0" encoding="UTF-8"?>
<testng-results ignored="0" total="1" passed="1" failed="0" skipped="0">
  <reporter-output>
  </reporter-output>
  <suite started-at="2025-10-18T23:37:11 IST" name="Default suite" finished-at="2025-10-18T23:37:58 IST" duration-ms="47312">
    <groups>
    </groups>
    <test started-at="2025-10-18T23:37:11 IST" name="Default test" finished-at="2025-10-18T23:37:58 IST" duration-ms="47312">
      <class name="TestCases.ProductPageTest">
        <test-method is-config="true" signature="loadConfigs()[pri:0, instance:TestCases.ProductPageTest@3c19aaa5]" started-at="2025-10-18T23:37:11 IST" name="loadConfigs" finished-at="2025-10-18T23:37:11 IST" duration-ms="49" status="PASS">
          <reporter-output>
          </reporter-output>
        </test-method> <!-- loadConfigs -->
        <test-method is-config="true" signature="setUp()[pri:0, instance:TestCases.ProductPageTest@3c19aaa5]" started-at="2025-10-18T23:37:11 IST" name="setUp" finished-at="2025-10-18T23:37:28 IST" duration-ms="16629" status="PASS">
          <reporter-output>
          </reporter-output>
        </test-method> <!-- setUp -->
        <test-method signature="validateProduct()[pri:0, instance:TestCases.ProductPageTest@3c19aaa5]" started-at="2025-10-18T23:37:28 IST" name="validateProduct" finished-at="2025-10-18T23:37:57 IST" duration-ms="29681" status="PASS">
          <reporter-output>
          </reporter-output>
        </test-method> <!-- validateProduct -->
        <test-method is-config="true" signature="TearDown()[pri:0, instance:TestCases.ProductPageTest@3c19aaa5]" started-at="2025-10-18T23:37:57 IST" name="TearDown" finished-at="2025-10-18T23:37:58 IST" duration-ms="776" status="PASS">
          <reporter-output>
          </reporter-output>
        </test-method> <!-- TearDown -->
      </class> <!-- TestCases.ProductPageTest -->
    </test> <!-- Default test -->
  </suite> <!-- Default suite -->
</testng-results>
